Placement_App/app/build/outputs/logs/manifest-merger-debug-report.txt
-- Merging decision tree log ---
manifest
ADDED from AndroidManifest.xml:2:1
	package
		ADDED from AndroidManifest.xml:4:5
		INJECTED from AndroidManifest.xml:0:0
		INJECTED from AndroidManifest.xml:0:0
	android:versionName
		INJECTED from AndroidManifest.xml:0:0
		INJECTED from AndroidManifest.xml:0:0
	xmlns:tools
		ADDED from AndroidManifest.xml:3:5
	xmlns:android
		ADDED from AndroidManifest.xml:2:11
	android:versionCode
		INJECTED from AndroidManifest.xml:0:0
		INJECTED from AndroidManifest.xml:0:0
uses-permission#android.permission.INTERNET
ADDED from AndroidManifest.xml:7:5
	android:name
		ADDED from AndroidManifest.xml:7:22
uses-permission#android.permission.ACCESS_NETWORK_STATE
ADDED from AndroidManifest.xml:8:5
	android:name
		ADDED from AndroidManifest.xml:8:22
uses-permission#android.permission.GET_ACCOUNTS
ADDED from AndroidManifest.xml:10:5
	android:name
		ADDED from AndroidManifest.xml:10:22
uses-permission#android.permission.WAKE_LOCK
ADDED from AndroidManifest.xml:11:5
	android:name
		ADDED from AndroidManifest.xml:11:22
permission#com.example.placecom.permission.C2D_MESSAGE
ADDED from AndroidManifest.xml:13:5
	android:protectionLevel
		ADDED from AndroidManifest.xml:15:9
	android:name
		ADDED from AndroidManifest.xml:14:9
uses-permission#com.example.placecom.permission.C2D_MESSAGE
ADDED from AndroidManifest.xml:17:5
	android:name
		ADDED from AndroidManifest.xml:17:22
uses-permission#com.google.android.c2dm.permission.RECEIVE
ADDED from AndroidManifest.xml:19:5
	android:name
		ADDED from AndroidManifest.xml:19:22
application
ADDED from AndroidManifest.xml:21:5
MERGED from com.android.support:appcompat-v7:21.0.3:16:5
MERGED from com.android.support:support-v4:21.0.3:16:5
MERGED from com.pushbots:pushbots-lib:2.0.8:11:5
	android:label
		ADDED from AndroidManifest.xml:24:9
	android:allowBackup
		ADDED from AndroidManifest.xml:22:9
	android:icon
		ADDED from AndroidManifest.xml:23:9
		REJECTED from com.pushbots:pushbots-lib:2.0.8:13:9
	android:theme
		ADDED from AndroidManifest.xml:25:9
	tools:replace
		ADDED from AndroidManifest.xml:26:9
activity#com.example.placecom.MainActivity
ADDED from AndroidManifest.xml:27:9
	android:label
		ADDED from AndroidManifest.xml:29:13
	android:name
		ADDED from AndroidManifest.xml:28:13
intent-filter#android.intent.category.DEFAULT+com.example.placecom.MESSAGE
ADDED from AndroidManifest.xml:30:13
action#com.example.placecom.MESSAGE
ADDED from AndroidManifest.xml:31:17
	android:name
		ADDED from AndroidManifest.xml:31:25
category#android.intent.category.DEFAULT
ADDED from AndroidManifest.xml:33:17
	android:name
		ADDED from AndroidManifest.xml:33:27
intent-filter#android.intent.action.MAIN+android.intent.category.LAUNCHER
ADDED from AndroidManifest.xml:35:13
action#android.intent.action.MAIN
ADDED from AndroidManifest.xml:36:17
	android:name
		ADDED from AndroidManifest.xml:36:25
category#android.intent.category.LAUNCHER
ADDED from AndroidManifest.xml:38:17
	android:name
		ADDED from AndroidManifest.xml:38:27
activity#com.pushbots.push.PBListener
ADDED from AndroidManifest.xml:41:9
	android:name
		ADDED from AndroidManifest.xml:41:19
receiver#com.pushbots.google.gcm.GCMBroadcastReceiver
ADDED from AndroidManifest.xml:43:9
	android:permission
		ADDED from AndroidManifest.xml:45:13
	android:name
		ADDED from AndroidManifest.xml:44:13
intent-filter#com.example.placecom+com.google.android.c2dm.intent.RECEIVE+com.google.android.c2dm.intent.REGISTRATION
ADDED from AndroidManifest.xml:46:13
action#com.google.android.c2dm.intent.RECEIVE
ADDED from AndroidManifest.xml:49:17
	android:name
		ADDED from AndroidManifest.xml:49:25
action#com.google.android.c2dm.intent.REGISTRATION
ADDED from AndroidManifest.xml:51:17
	android:name
		ADDED from AndroidManifest.xml:51:25
category#com.example.placecom
ADDED from AndroidManifest.xml:53:17
	android:name
		ADDED from AndroidManifest.xml:53:27
receiver#com.pushbots.push.DefaultPushHandler
ADDED from AndroidManifest.xml:56:9
	android:name
		ADDED from AndroidManifest.xml:56:19
service#com.pushbots.push.GCMIntentService
ADDED from AndroidManifest.xml:58:9
	android:name
		ADDED from AndroidManifest.xml:58:18
service#org.openudid.OpenUDID_service
ADDED from AndroidManifest.xml:59:9
	android:exported
		ADDED from AndroidManifest.xml:61:13
	android:name
		ADDED from AndroidManifest.xml:60:13
intent-filter#org.openudid.GETUDID
ADDED from AndroidManifest.xml:62:13
action#org.openudid.GETUDID
ADDED from AndroidManifest.xml:63:17
	android:name
		ADDED from AndroidManifest.xml:63:25
activity#com.example.placecom.Login
ADDED from AndroidManifest.xml:67:9
	android:label
		ADDED from AndroidManifest.xml:69:13
	android:name
		ADDED from AndroidManifest.xml:68:13
activity#com.example.placecom.Home
ADDED from AndroidManifest.xml:71:9
	android:label
		ADDED from AndroidManifest.xml:73:13
	android:parentActivityName
		ADDED from AndroidManifest.xml:74:13
	android:name
		ADDED from AndroidManifest.xml:72:13
meta-data#android.support.PARENT_ACTIVITY
ADDED from AndroidManifest.xml:75:13
	android:value
		ADDED from AndroidManifest.xml:77:17
	android:name
		ADDED from AndroidManifest.xml:76:17
activity#com.example.placecom.Neweruser
ADDED from AndroidManifest.xml:79:9
	android:label
		ADDED from AndroidManifest.xml:81:13
	android:parentActivityName
		ADDED from AndroidManifest.xml:82:13
	android:name
		ADDED from AndroidManifest.xml:80:13
activity#com.example.placecom.Notices
ADDED from AndroidManifest.xml:87:9
	android:label
		ADDED from AndroidManifest.xml:89:13
	android:parentActivityName
		ADDED from AndroidManifest.xml:90:13
	android:name
		ADDED from AndroidManifest.xml:88:13
activity#com.example.placecom.Recruiters
ADDED from AndroidManifest.xml:95:9
	android:label
		ADDED from AndroidManifest.xml:97:13
	android:parentActivityName
		ADDED from AndroidManifest.xml:98:13
	android:name
		ADDED from AndroidManifest.xml:96:13
activity#com.example.placecom.Defaulter
ADDED from AndroidManifest.xml:103:9
	android:label
		ADDED from AndroidManifest.xml:105:13
	android:parentActivityName
		ADDED from AndroidManifest.xml:106:13
	android:name
		ADDED from AndroidManifest.xml:104:13
activity#com.example.placecom.Xyz
ADDED from AndroidManifest.xml:111:9
	android:label
		ADDED from AndroidManifest.xml:113:13
	android:parentActivityName
		ADDED from AndroidManifest.xml:114:13
	android:name
		ADDED from AndroidManifest.xml:112:13
activity#com.example.placecom.Form
ADDED from AndroidManifest.xml:119:9
	android:label
		ADDED from AndroidManifest.xml:121:13
	android:parentActivityName
		ADDED from AndroidManifest.xml:122:13
	android:name
		ADDED from AndroidManifest.xml:120:13
activity#com.example.placecom.Rules
ADDED from AndroidManifest.xml:127:9
	android:label
		ADDED from AndroidManifest.xml:129:13
	android:parentActivityName
		ADDED from AndroidManifest.xml:130:13
	android:name
		ADDED from AndroidManifest.xml:128:13
activity#com.example.placecom.Alloc
ADDED from AndroidManifest.xml:135:9
	android:label
		ADDED from AndroidManifest.xml:137:13
	android:parentActivityName
		ADDED from AndroidManifest.xml:138:13
	android:name
		ADDED from AndroidManifest.xml:136:13
activity#com.example.placecom.Calendar
ADDED from AndroidManifest.xml:143:9
	android:label
		ADDED from AndroidManifest.xml:145:13
	android:parentActivityName
		ADDED from AndroidManifest.xml:146:13
	android:name
		ADDED from AndroidManifest.xml:144:13
activity#com.example.placecom.Modify
ADDED from AndroidManifest.xml:151:9
	android:label
		ADDED from AndroidManifest.xml:153:13
	android:parentActivityName
		ADDED from AndroidManifest.xml:154:13
	android:name
		ADDED from AndroidManifest.xml:152:13
activity#com.example.placecom.Fragment
ADDED from AndroidManifest.xml:159:9
	android:label
		ADDED from AndroidManifest.xml:161:13
	android:parentActivityName
		ADDED from AndroidManifest.xml:162:13
	android:name
		ADDED from AndroidManifest.xml:160:13
activity#com.example.placecom.FragmentB
ADDED from AndroidManifest.xml:167:9
	android:label
		ADDED from AndroidManifest.xml:169:13
	android:parentActivityName
		ADDED from AndroidManifest.xml:170:13
	android:name
		ADDED from AndroidManifest.xml:168:13
activity#com.example.placecom.FragmentC
ADDED from AndroidManifest.xml:175:9
	android:label
		ADDED from AndroidManifest.xml:177:13
	android:parentActivityName
		ADDED from AndroidManifest.xml:178:13
	android:name
		ADDED from AndroidManifest.xml:176:13
activity#com.example.placecom.FragmentD
ADDED from AndroidManifest.xml:183:9
	android:label
		ADDED from AndroidManifest.xml:185:13
	android:parentActivityName
		ADDED from AndroidManifest.xml:186:13
	android:name
		ADDED from AndroidManifest.xml:184:13
activity#com.example.placecom.FragmentE
ADDED from AndroidManifest.xml:191:9
	android:label
		ADDED from AndroidManifest.xml:193:13
	android:parentActivityName
		ADDED from AndroidManifest.xml:194:13
	android:name
		ADDED from AndroidManifest.xml:192:13
activity#com.example.placecom.Comm
ADDED from AndroidManifest.xml:199:9
	android:label
		ADDED from AndroidManifest.xml:201:13
	android:parentActivityName
		ADDED from AndroidManifest.xml:202:13
	android:name
		ADDED from AndroidManifest.xml:200:13
activity#com.example.placecom.Attend
ADDED from AndroidManifest.xml:207:9
	android:label
		ADDED from AndroidManifest.xml:209:13
	android:parentActivityName
		ADDED from AndroidManifest.xml:210:13
	android:name
		ADDED from AndroidManifest.xml:208:13
activity#com.example.placecom.Aaa
ADDED from AndroidManifest.xml:215:9
	android:label
		ADDED from AndroidManifest.xml:217:13
	android:parentActivityName
		ADDED from AndroidManifest.xml:218:13
	android:name
		ADDED from AndroidManifest.xml:216:13
activity#com.example.placecom.Rules1
ADDED from AndroidManifest.xml:223:9
	android:label
		ADDED from AndroidManifest.xml:225:13
	android:parentActivityName
		ADDED from AndroidManifest.xml:226:13
	android:name
		ADDED from AndroidManifest.xml:224:13
uses-sdk
INJECTED from AndroidManifest.xml:0:0 reason: use-sdk injection requested
MERGED from com.android.support:appcompat-v7:21.0.3:15:5
MERGED from com.android.support:support-v4:21.0.3:15:5
MERGED from com.pushbots:pushbots-lib:2.0.8:7:5
	android:targetSdkVersion
		INJECTED from AndroidManifest.xml:0:0
		INJECTED from AndroidManifest.xml:0:0
	android:minSdkVersion
		INJECTED from AndroidManifest.xml:0:0
		INJECTED from AndroidManifest.xml:0:0